[html.vlthemes.me/mikael/index.html]
[backblue.gif]
[fade.gif]
[index.html]
[html.vlthemes.me/mikael/assets/img/root/favicon.png]
[html.vlthemes.me/mikael/assets/css/framework/bootstrap.min.css]
[html.vlthemes.me/mikael/assets/fonts/Inter/style.css]
[html.vlthemes.me/mikael/assets/css/vlt-plugins.min.css]
[html.vlthemes.me/mikael/assets/css/vlt-main.min.css]
[html.vlthemes.me/mikael/assets/css/custom.css]
[html.vlthemes.me/mikael/index-2.html]
[html.vlthemes.me/mikael/assets/img/root/logo-black.png]
[html.vlthemes.me/mikael/assets/img/root/logo-white.png]
[html.vlthemes.me/mikael/assets/img/root/red-background.jpg]
[html.vlthemes.me/mikael/assets/img/root/plus-dark-pattern.png]
[html.vlthemes.me/mikael/assets/img/root/elipse-home-slide.png]
[html.vlthemes.me/mikael/assets/img/attachment-01.png]
[html.vlthemes.me/mikael/assets/img/root/plus-light-pattern.png]
[html.vlthemes.me/mikael/assets/img/root/elipse-light.png]
[html.vlthemes.me/mikael/assets/img/attachment-02.jpg]
[html.vlthemes.me/mikael/assets/img/attachment-07.jpg]
[html.vlthemes.me/mikael/assets/img/root/parallax-particle-01.png]
[html.vlthemes.me/mikael/assets/img/root/parallax-particle-02.png]
[html.vlthemes.me/mikael/assets/img/root/parallax-particle-03.png]
[html.vlthemes.me/mikael/assets/img/attachment-03.jpg]
[html.vlthemes.me/mikael/assets/img/portfolio-01.jpg]
[html.vlthemes.me/mikael/assets/img/portfolio-02.jpg]
[html.vlthemes.me/mikael/assets/img/portfolio-03.jpg]
[html.vlthemes.me/mikael/assets/img/portfolio-04.jpg]
[html.vlthemes.me/mikael/assets/img/portfolio-05.jpg]
[html.vlthemes.me/mikael/assets/img/portfolio-06.jpg]
[html.vlthemes.me/mikael/assets/img/root/awards-01.png]
[html.vlthemes.me/mikael/assets/img/root/awards-02.png]
[html.vlthemes.me/mikael/assets/img/root/awards-03.png]
[html.vlthemes.me/mikael/assets/img/attachment-06.jpg]
[html.vlthemes.me/mikael/assets/img/attachment-04.jpg]
[html.vlthemes.me/mikael/assets/img/root/cartographer.png]
[html.vlthemes.me/mikael/assets/img/avatar-01.jpg]
[html.vlthemes.me/mikael/assets/img/avatar-02.jpg]
[html.vlthemes.me/mikael/assets/img/avatar-03.jpg]
[html.vlthemes.me/mikael/assets/img/root/client-1.png]
[html.vlthemes.me/mikael/assets/img/root/client-2.png]
[html.vlthemes.me/mikael/assets/img/root/client-3.png]
[html.vlthemes.me/mikael/assets/img/root/client-4.png]
[html.vlthemes.me/mikael/assets/img/root/client-5.png]
[html.vlthemes.me/mikael/assets/img/attachment-08.jpg]
[html.vlthemes.me/mikael/assets/img/attachment-09.jpg]
[html.vlthemes.me/mikael/assets/img/attachment-10.jpg]
[html.vlthemes.me/mikael/assets/img/attachment-05.jpg]
[html.vlthemes.me/mikael/assets/vendors/jquery-3.5.1.min.js]
[html.vlthemes.me/mikael/assets/scripts/vlt-helpers.js]
[html.vlthemes.me/mikael/assets/scripts/vlt-plugins.min.js]
[html.vlthemes.me/mikael/index.html]
[html.vlthemes.me/mikael/assets/css/framework/bootstrap.min.css]
[html.vlthemes.me/mikael/assets/scripts/vlt-controllers.min.js]
[html.vlthemes.me/mikael/assets/fonts/Inter/Inter-Italic.woff2]
[html.vlthemes.me/mikael/assets/fonts/Inter/Inter-Italic.woff]
[html.vlthemes.me/mikael/assets/fonts/Inter/Inter-Regular.woff2]
[html.vlthemes.me/mikael/assets/fonts/Inter/Inter-Regular.woff]
[html.vlthemes.me/mikael/assets/fonts/Inter/Inter-Medium.woff2]
[html.vlthemes.me/mikael/assets/fonts/Inter/Inter-Medium.woff]
[html.vlthemes.me/mikael/assets/fonts/Inter/Inter-SemiBold.woff2]
[html.vlthemes.me/mikael/assets/fonts/Inter/Inter-SemiBold.woff]
[html.vlthemes.me/mikael/assets/fonts/Inter/Inter-Bold.woff2]
[html.vlthemes.me/mikael/assets/fonts/Inter/Inter-Bold.woff]
[html.vlthemes.me/mikael/assets/fonts/Inter/style.css]
[html.vlthemes.me/mikael/assets/css/vlt-plugins.min.css]
[html.vlthemes.me/mikael/assets/css/vlt-main.min.css]
[html.vlthemes.me/mikael/assets/css/custom.css]
[html.vlthemes.me/mikael/index-2.html]
[html.vlthemes.me/mikael/assets/img/root/quote.svg]
[html.vlthemes.me/mikael/assets/img/root/quote.svg]
